<?xml version="1.0" encoding="UTF-8"?>
<!-- Generated by org.testng.reporters.JUnitReportReporter -->
<testsuite hostname="Lakshmi" failures="0" tests="1" name="scripts.ValidLogin" time="24.805" errors="0" timestamp="2022-12-21T08:59:07 IST" skipped="0">
  <testcase classname="scripts.ValidLogin" name="testValidLogin" time="24.805"/>
  <system-out/>
</testsuite> <!-- scripts.ValidLogin -->
