<?xml version="1.0" encoding="UTF-8"?>
<!-- Generated by org.testng.reporters.JUnitReportReporter -->
<testsuite hostname="Lakshmi" failures="0" tests="2" name="scripts.Script2" time="32.093" errors="0" timestamp="2022-12-19T18:42:34 IST" skipped="0">
  <testcase classname="scripts.Script2" name="deleteProduct" time="15.799"/>
  <system-out/>
  <testcase classname="scripts.Script2" name="deleteProduct" time="16.294"/>
  <system-out/>
</testsuite> <!-- scripts.Script2 -->
